<?xml version="1.0" encoding="UTF-8"?>
<!-- Generated by org.testng.reporters.JUnitReportReporter -->
<testsuite hostname="DESKTOP-EBFLCFN" failures="0" tests="2" name="com.qa.az.testCases.SignOnPageTest" time="17.958" errors="0" timestamp="30 May 2021 14:13:26 GMT" skipped="0">
  <testcase classname="com.qa.az.testCases.SignOnPageTest" name="validateSignOnPageTitleTest" time="8.191"/>
  <testcase classname="com.qa.az.testCases.SignOnPageTest" name="loginTest" time="9.767"/>
</testsuite> <!-- com.qa.az.testCases.SignOnPageTest -->
